<?xml version="1.0" encoding="UTF-8"?>
<!-- Generated by org.testng.reporters.JUnitReportReporter -->
<testsuite hostname="renshaohai-PC" name="com.emar.test.testcases.mediapurchasingmanagement.BeanSourceTest" tests="6" failures="0" timestamp="2 Apr 2015 09:31:30 GMT" time="0.010" errors="0">
  <testcase name="listTesting2" time="0.001" classname="com.emar.test.testcases.mediapurchasingmanagement.BeanSourceTest"/>
  <testcase name="listTesting2" time="0.001" classname="com.emar.test.testcases.mediapurchasingmanagement.BeanSourceTest"/>
  <testcase name="listTesting2" time="0.001" classname="com.emar.test.testcases.mediapurchasingmanagement.BeanSourceTest"/>
  <testcase name="listTesting2" time="0.000" classname="com.emar.test.testcases.mediapurchasingmanagement.BeanSourceTest"/>
  <testcase name="listTesting2" time="0.001" classname="com.emar.test.testcases.mediapurchasingmanagement.BeanSourceTest"/>
  <testcase name="listTesting1" time="0.006" classname="com.emar.test.testcases.mediapurchasingmanagement.BeanSourceTest"/>
</testsuite> <!-- com.emar.test.testcases.mediapurchasingmanagement.BeanSourceTest -->
